<?xml version="1.0" encoding="UTF-8"?>
<testng-results skipped="0" failed="0" total="1" passed="1">
  <reporter-output>
  </reporter-output>
  <suite name="Default suite" duration-ms="1359" started-at="2019-01-25T13:10:12Z" finished-at="2019-01-25T13:10:14Z">
    <groups>
      <group name="cucumber">
        <method signature="AbstractTestNGCucumberTests.feature(cucumber.api.testng.CucumberFeatureWrapper)[pri:0, instance:com.github.sevcensokmen.googlesearch.runner.MainRunner@3632be31]" name="feature" class="cucumber.api.testng.AbstractTestNGCucumberTests"/>
      </group> <!-- cucumber -->
    </groups>
    <test name="Default test" duration-ms="1359" started-at="2019-01-25T13:10:12Z" finished-at="2019-01-25T13:10:14Z">
      <class name="com.github.sevcensokmen.googlesearch.runner.MainRunner">
        <test-method status="PASS" signature="setUpClass()[pri:0, instance:com.github.sevcensokmen.googlesearch.runner.MainRunner@3632be31]" name="setUpClass" is-config="true" duration-ms="276" started-at="2019-01-25T15:10:12Z" finished-at="2019-01-25T15:10:12Z">
          <reporter-output>
          </reporter-output>
        </test-method> <!-- setUpClass -->
        <test-method status="PASS" signature="feature(cucumber.api.testng.CucumberFeatureWrapper)[pri:0, instance:com.github.sevcensokmen.googlesearch.runner.MainRunner@3632be31]" name="feature" duration-ms="469" started-at="2019-01-25T15:10:13Z" description="Runs Cucumber Feature" data-provider="features" finished-at="2019-01-25T15:10:13Z">
          <params>
            <param index="0">
              <value>
                <![CDATA[Search goole and link search result]]>
              </value>
            </param>
          </params>
          <reporter-output>
          </reporter-output>
        </test-method> <!-- feature -->
        <test-method status="PASS" signature="tearDownClass()[pri:0, instance:com.github.sevcensokmen.googlesearch.runner.MainRunner@3632be31]" name="tearDownClass" is-config="true" duration-ms="487" started-at="2019-01-25T15:10:13Z" finished-at="2019-01-25T15:10:14Z">
          <reporter-output>
          </reporter-output>
        </test-method> <!-- tearDownClass -->
      </class> <!-- com.github.sevcensokmen.googlesearch.runner.MainRunner -->
    </test> <!-- Default test -->
  </suite> <!-- Default suite -->
</testng-results>
